<?xml version="1.0" encoding="UTF-8"?>
<testsuite name="com.group.libraryapp.service.user.JavaUserServiceTest" tests="7" skipped="0" failures="0" errors="0" timestamp="2024-09-19T08:18:42" hostname="gimgyeongmin-ui-MacBookAir.local" time="0.048">
  <properties/>
  <testcase name="유저 저장이 정상 동작한다" classname="com.group.libraryapp.service.user.JavaUserServiceTest" time="0.006"/>
  <testcase name="유저 업데이트가 정상 동작한다" classname="com.group.libraryapp.service.user.JavaUserServiceTest" time="0.006"/>
  <testcase name="유저 조회가 정상 동작한다" classname="com.group.libraryapp.service.user.JavaUserServiceTest" time="0.008"/>
  <testcase name="대출 기록이 없는 유저도 응답에 포함된다" classname="com.group.libraryapp.service.user.JavaUserServiceTest" time="0.009"/>
  <testcase name="대출 기록이 많은 유저의 응답이 정상 동작한다" classname="com.group.libraryapp.service.user.JavaUserServiceTest" time="0.007"/>
  <testcase name="getUserLoanHistoriesTest1, 2가 합쳐진 테스트" classname="com.group.libraryapp.service.user.JavaUserServiceTest" time="0.007"/>
  <testcase name="유저 삭제가 정상 동작한다" classname="com.group.libraryapp.service.user.JavaUserServiceTest" time="0.003"/>
  <system-out><![CDATA[2024-09-19 17:18:42.470  INFO 20635 --- [    Test worker] .b.t.c.SpringBootTestContextBootstrapper : Neither @ContextConfiguration nor @ContextHierarchy found for test class [com.group.libraryapp.service.user.JavaUserServiceTest], using SpringBootContextLoader
2024-09-19 17:18:42.470  INFO 20635 --- [    Test worker] o.s.t.c.support.AbstractContextLoader    : Could not detect default resource locations for test class [com.group.libraryapp.service.user.JavaUserServiceTest]: no resource found for suffixes {-context.xml, Context.groovy}.
2024-09-19 17:18:42.470  INFO 20635 --- [    Test worker] t.c.s.AnnotationConfigContextLoaderUtils : Could not detect default configuration classes for test class [com.group.libraryapp.service.user.JavaUserServiceTest]: JavaUserServiceTest does not declare any static, non-private, non-final, nested classes annotated with @Configuration.
2024-09-19 17:18:42.472  INFO 20635 --- [    Test worker] .b.t.c.SpringBootTestContextBootstrapper : Found @SpringBootConfiguration com.group.libraryapp.LibraryAppApplication for test class com.group.libraryapp.service.user.JavaUserServiceTest
2024-09-19 17:18:42.473  INFO 20635 --- [    Test worker] .b.t.c.SpringBootTestContextBootstrapper : Loaded default TestExecutionListener class names from location [META-INF/spring.factories]: [org.springframework.boot.test.autoconfigure.restdocs.RestDocsTestExecutionListener, org.springframework.boot.test.autoconfigure.web.client.MockRestServiceServerResetTestExecutionListener, org.springframework.boot.test.autoconfigure.web.servlet.MockMvcPrintOnlyOnFailureTestExecutionListener, org.springframework.boot.test.autoconfigure.web.servlet.WebDriverTestExecutionListener, org.springframework.boot.test.autoconfigure.webservices.client.MockWebServiceServerTestExecutionListener, org.springframework.boot.test.mock.mockito.MockitoTestExecutionListener, org.springframework.boot.test.mock.mockito.ResetMocksTestExecutionListener, org.springframework.test.context.web.ServletTestExecutionListener, org.springframework.test.context.support.DirtiesContextBeforeModesTestExecutionListener, org.springframework.test.context.event.ApplicationEventsTestExecutionListener, org.springframework.test.context.support.DependencyInjectionTestExecutionListener, org.springframework.test.context.support.DirtiesContextTestExecutionListener, org.springframework.test.context.transaction.TransactionalTestExecutionListener, org.springframework.test.context.jdbc.SqlScriptsTestExecutionListener, org.springframework.test.context.event.EventPublishingTestExecutionListener]
2024-09-19 17:18:42.473  INFO 20635 --- [    Test worker] .b.t.c.SpringBootTestContextBootstrapper : Using TestExecutionListeners: [org.springframework.test.context.web.ServletTestExecutionListener@5f113867, org.springframework.test.context.support.DirtiesContextBeforeModesTestExecutionListener@72cf159f, org.springframework.test.context.event.ApplicationEventsTestExecutionListener@54af9cce, org.springframework.boot.test.mock.mockito.MockitoTestExecutionListener@683218c8, org.springframework.boot.test.autoconfigure.SpringBootDependencyInjectionTestExecutionListener@3eb6d7a9, org.springframework.test.context.support.DirtiesContextTestExecutionListener@345f4e0d, org.springframework.test.context.transaction.TransactionalTestExecutionListener@1c3eeda4, org.springframework.test.context.jdbc.SqlScriptsTestExecutionListener@64b242b3, org.springframework.test.context.event.EventPublishingTestExecutionListener@6cb1da13, org.springframework.boot.test.autoconfigure.restdocs.RestDocsTestExecutionListener@2250deae, org.springframework.boot.test.autoconfigure.web.client.MockRestServiceServerResetTestExecutionListener@49e8548d, org.springframework.boot.test.autoconfigure.web.servlet.MockMvcPrintOnlyOnFailureTestExecutionListener@3fb920d9, org.springframework.boot.test.autoconfigure.web.servlet.WebDriverTestExecutionListener@5d3a147f, org.springframework.boot.test.autoconfigure.webservices.client.MockWebServiceServerTestExecutionListener@79bb14d8, org.springframework.boot.test.mock.mockito.ResetMocksTestExecutionListener@72fc6b5e]
Hibernate: 
    insert 
    into
        user
        (id, age, name) 
    values
        (default, ?, ?)
Hibernate: 
    select
        user0_.id as id1_1_,
        user0_.age as age2_1_,
        user0_.name as name3_1_ 
    from
        user user0_
CLEAN 시작
Hibernate: 
    select
        user0_.id as id1_1_,
        user0_.age as age2_1_,
        user0_.name as name3_1_ 
    from
        user user0_
Hibernate: 
    select
        userloanhi0_.user_id as user_id4_2_0_,
        userloanhi0_.id as id1_2_0_,
        userloanhi0_.id as id1_2_1_,
        userloanhi0_.book_name as book_nam2_2_1_,
        userloanhi0_.status as status3_2_1_,
        userloanhi0_.user_id as user_id4_2_1_ 
    from
        user_loan_history userloanhi0_ 
    where
        userloanhi0_.user_id=?
Hibernate: 
    delete 
    from
        user 
    where
        id=?
Hibernate: 
    insert 
    into
        user
        (id, age, name) 
    values
        (default, ?, ?)
Hibernate: 
    select
        user0_.id as id1_1_0_,
        user0_.age as age2_1_0_,
        user0_.name as name3_1_0_ 
    from
        user user0_ 
    where
        user0_.id=?
Hibernate: 
    update
        user 
    set
        age=?,
        name=? 
    where
        id=?
Hibernate: 
    select
        user0_.id as id1_1_,
        user0_.age as age2_1_,
        user0_.name as name3_1_ 
    from
        user user0_
CLEAN 시작
Hibernate: 
    select
        user0_.id as id1_1_,
        user0_.age as age2_1_,
        user0_.name as name3_1_ 
    from
        user user0_
Hibernate: 
    select
        userloanhi0_.user_id as user_id4_2_0_,
        userloanhi0_.id as id1_2_0_,
        userloanhi0_.id as id1_2_1_,
        userloanhi0_.book_name as book_nam2_2_1_,
        userloanhi0_.status as status3_2_1_,
        userloanhi0_.user_id as user_id4_2_1_ 
    from
        user_loan_history userloanhi0_ 
    where
        userloanhi0_.user_id=?
Hibernate: 
    delete 
    from
        user 
    where
        id=?
Hibernate: 
    insert 
    into
        user
        (id, age, name) 
    values
        (default, ?, ?)
Hibernate: 
    insert 
    into
        user
        (id, age, name) 
    values
        (default, ?, ?)
Hibernate: 
    select
        user0_.id as id1_1_,
        user0_.age as age2_1_,
        user0_.name as name3_1_ 
    from
        user user0_
CLEAN 시작
Hibernate: 
    select
        user0_.id as id1_1_,
        user0_.age as age2_1_,
        user0_.name as name3_1_ 
    from
        user user0_
Hibernate: 
    select
        userloanhi0_.user_id as user_id4_2_0_,
        userloanhi0_.id as id1_2_0_,
        userloanhi0_.id as id1_2_1_,
        userloanhi0_.book_name as book_nam2_2_1_,
        userloanhi0_.status as status3_2_1_,
        userloanhi0_.user_id as user_id4_2_1_ 
    from
        user_loan_history userloanhi0_ 
    where
        userloanhi0_.user_id=?
Hibernate: 
    select
        userloanhi0_.user_id as user_id4_2_0_,
        userloanhi0_.id as id1_2_0_,
        userloanhi0_.id as id1_2_1_,
        userloanhi0_.book_name as book_nam2_2_1_,
        userloanhi0_.status as status3_2_1_,
        userloanhi0_.user_id as user_id4_2_1_ 
    from
        user_loan_history userloanhi0_ 
    where
        userloanhi0_.user_id=?
Hibernate: 
    delete 
    from
        user 
    where
        id=?
Hibernate: 
    delete 
    from
        user 
    where
        id=?
Hibernate: 
    insert 
    into
        user
        (id, age, name) 
    values
        (default, ?, ?)
Hibernate: 
    select
        distinct user0_.id as id1_1_,
        user0_.age as age2_1_,
        user0_.name as name3_1_ 
    from
        user user0_ 
    left outer join
        user_loan_history userloanhi1_ 
            on (
                userloanhi1_.user_id=user0_.id
            )
Hibernate: 
    select
        userloanhi0_.user_id as user_id4_2_0_,
        userloanhi0_.id as id1_2_0_,
        userloanhi0_.id as id1_2_1_,
        userloanhi0_.book_name as book_nam2_2_1_,
        userloanhi0_.status as status3_2_1_,
        userloanhi0_.user_id as user_id4_2_1_ 
    from
        user_loan_history userloanhi0_ 
    where
        userloanhi0_.user_id=?
CLEAN 시작
Hibernate: 
    select
        user0_.id as id1_1_,
        user0_.age as age2_1_,
        user0_.name as name3_1_ 
    from
        user user0_
Hibernate: 
    select
        userloanhi0_.user_id as user_id4_2_0_,
        userloanhi0_.id as id1_2_0_,
        userloanhi0_.id as id1_2_1_,
        userloanhi0_.book_name as book_nam2_2_1_,
        userloanhi0_.status as status3_2_1_,
        userloanhi0_.user_id as user_id4_2_1_ 
    from
        user_loan_history userloanhi0_ 
    where
        userloanhi0_.user_id=?
Hibernate: 
    delete 
    from
        user 
    where
        id=?
Hibernate: 
    insert 
    into
        user
        (id, age, name) 
    values
        (default, ?, ?)
Hibernate: 
    insert 
    into
        user_loan_history
        (id, book_name, status, user_id) 
    values
        (default, ?, ?, ?)
Hibernate: 
    insert 
    into
        user_loan_history
        (id, book_name, status, user_id) 
    values
        (default, ?, ?, ?)
Hibernate: 
    insert 
    into
        user_loan_history
        (id, book_name, status, user_id) 
    values
        (default, ?, ?, ?)
Hibernate: 
    select
        distinct user0_.id as id1_1_,
        user0_.age as age2_1_,
        user0_.name as name3_1_ 
    from
        user user0_ 
    left outer join
        user_loan_history userloanhi1_ 
            on (
                userloanhi1_.user_id=user0_.id
            )
Hibernate: 
    select
        userloanhi0_.user_id as user_id4_2_0_,
        userloanhi0_.id as id1_2_0_,
        userloanhi0_.id as id1_2_1_,
        userloanhi0_.book_name as book_nam2_2_1_,
        userloanhi0_.status as status3_2_1_,
        userloanhi0_.user_id as user_id4_2_1_ 
    from
        user_loan_history userloanhi0_ 
    where
        userloanhi0_.user_id=?
CLEAN 시작
Hibernate: 
    select
        user0_.id as id1_1_,
        user0_.age as age2_1_,
        user0_.name as name3_1_ 
    from
        user user0_
Hibernate: 
    select
        userloanhi0_.user_id as user_id4_2_0_,
        userloanhi0_.id as id1_2_0_,
        userloanhi0_.id as id1_2_1_,
        userloanhi0_.book_name as book_nam2_2_1_,
        userloanhi0_.status as status3_2_1_,
        userloanhi0_.user_id as user_id4_2_1_ 
    from
        user_loan_history userloanhi0_ 
    where
        userloanhi0_.user_id=?
Hibernate: 
    delete 
    from
        user_loan_history 
    where
        id=?
Hibernate: 
    delete 
    from
        user_loan_history 
    where
        id=?
Hibernate: 
    delete 
    from
        user_loan_history 
    where
        id=?
Hibernate: 
    delete 
    from
        user 
    where
        id=?
Hibernate: 
    insert 
    into
        user
        (id, age, name) 
    values
        (default, ?, ?)
Hibernate: 
    insert 
    into
        user
        (id, age, name) 
    values
        (default, ?, ?)
Hibernate: 
    insert 
    into
        user_loan_history
        (id, book_name, status, user_id) 
    values
        (default, ?, ?, ?)
Hibernate: 
    insert 
    into
        user_loan_history
        (id, book_name, status, user_id) 
    values
        (default, ?, ?, ?)
Hibernate: 
    insert 
    into
        user_loan_history
        (id, book_name, status, user_id) 
    values
        (default, ?, ?, ?)
Hibernate: 
    select
        distinct user0_.id as id1_1_,
        user0_.age as age2_1_,
        user0_.name as name3_1_ 
    from
        user user0_ 
    left outer join
        user_loan_history userloanhi1_ 
            on (
                userloanhi1_.user_id=user0_.id
            )
Hibernate: 
    select
        userloanhi0_.user_id as user_id4_2_0_,
        userloanhi0_.id as id1_2_0_,
        userloanhi0_.id as id1_2_1_,
        userloanhi0_.book_name as book_nam2_2_1_,
        userloanhi0_.status as status3_2_1_,
        userloanhi0_.user_id as user_id4_2_1_ 
    from
        user_loan_history userloanhi0_ 
    where
        userloanhi0_.user_id=?
Hibernate: 
    select
        userloanhi0_.user_id as user_id4_2_0_,
        userloanhi0_.id as id1_2_0_,
        userloanhi0_.id as id1_2_1_,
        userloanhi0_.book_name as book_nam2_2_1_,
        userloanhi0_.status as status3_2_1_,
        userloanhi0_.user_id as user_id4_2_1_ 
    from
        user_loan_history userloanhi0_ 
    where
        userloanhi0_.user_id=?
CLEAN 시작
Hibernate: 
    select
        user0_.id as id1_1_,
        user0_.age as age2_1_,
        user0_.name as name3_1_ 
    from
        user user0_
Hibernate: 
    select
        userloanhi0_.user_id as user_id4_2_0_,
        userloanhi0_.id as id1_2_0_,
        userloanhi0_.id as id1_2_1_,
        userloanhi0_.book_name as book_nam2_2_1_,
        userloanhi0_.status as status3_2_1_,
        userloanhi0_.user_id as user_id4_2_1_ 
    from
        user_loan_history userloanhi0_ 
    where
        userloanhi0_.user_id=?
Hibernate: 
    select
        userloanhi0_.user_id as user_id4_2_0_,
        userloanhi0_.id as id1_2_0_,
        userloanhi0_.id as id1_2_1_,
        userloanhi0_.book_name as book_nam2_2_1_,
        userloanhi0_.status as status3_2_1_,
        userloanhi0_.user_id as user_id4_2_1_ 
    from
        user_loan_history userloanhi0_ 
    where
        userloanhi0_.user_id=?
Hibernate: 
    delete 
    from
        user_loan_history 
    where
        id=?
Hibernate: 
    delete 
    from
        user_loan_history 
    where
        id=?
Hibernate: 
    delete 
    from
        user_loan_history 
    where
        id=?
Hibernate: 
    delete 
    from
        user 
    where
        id=?
Hibernate: 
    delete 
    from
        user 
    where
        id=?
Hibernate: 
    insert 
    into
        user
        (id, age, name) 
    values
        (default, ?, ?)
Hibernate: 
    select
        user0_.id as id1_1_,
        user0_.age as age2_1_,
        user0_.name as name3_1_ 
    from
        user user0_ 
    where
        user0_.name=?
Hibernate: 
    select
        userloanhi0_.user_id as user_id4_2_0_,
        userloanhi0_.id as id1_2_0_,
        userloanhi0_.id as id1_2_1_,
        userloanhi0_.book_name as book_nam2_2_1_,
        userloanhi0_.status as status3_2_1_,
        userloanhi0_.user_id as user_id4_2_1_ 
    from
        user_loan_history userloanhi0_ 
    where
        userloanhi0_.user_id=?
Hibernate: 
    delete 
    from
        user 
    where
        id=?
Hibernate: 
    select
        user0_.id as id1_1_,
        user0_.age as age2_1_,
        user0_.name as name3_1_ 
    from
        user user0_
CLEAN 시작
Hibernate: 
    select
        user0_.id as id1_1_,
        user0_.age as age2_1_,
        user0_.name as name3_1_ 
    from
        user user0_
]]></system-out>
  <system-err><![CDATA[]]></system-err>
</testsuite>
