<?xml version="1.0" encoding="UTF-8"?>
<testsuite name="com.group.libraryapp.JunitTest" tests="2" skipped="0" failures="0" errors="0" timestamp="2024-09-19T08:18:42" hostname="gimgyeongmin-ui-MacBookAir.local" time="0.001">
  <properties/>
  <testcase name="test1()" classname="com.group.libraryapp.JunitTest" time="0.0"/>
  <testcase name="test2()" classname="com.group.libraryapp.JunitTest" time="0.001"/>
  <system-out><![CDATA[모든 테스트 시작 전
각 테스트 실행 전
Test1
각 테스트 실행 후
각 테스트 실행 전
Test2
각 테스트 실행 후
]]></system-out>
  <system-err><![CDATA[]]></system-err>
</testsuite>
